<?xml version="1.0" encoding="UTF-8"?>
<!-- Generated by org.testng.reporters.JUnitXMLReporter -->
<testsuite ignored="2" hostname="CarnotTech" failures="0" tests="0" time="0.02" errors="0" timestamp="2023-12-11T11:11:36 IST">
  <testcase classname="com.ecom.project.Tests.AddToCartTest" name="ValidateEndToEndScenario" time="0.0">
    <ignored/>
  </testcase> <!-- ValidateEndToEndScenario -->
  <testcase classname="com.ecom.project.Tests.AddToCartTest" name="DeleteItem" time="0.0">
    <ignored/>
  </testcase> <!-- DeleteItem -->
</testsuite>
